D:\用户目录\我的文档\VISUAL STUDIO 2012\PROJECTS\MYGAME\MYGAME\DEBUG\MAIN.OBJ
D:\用户目录\我的文档\VISUAL STUDIO 2012\PROJECTS\MYGAME\MYGAME\DEBUG\VC110.PDB
D:\用户目录\我的文档\VISUAL STUDIO 2012\PROJECTS\MYGAME\DEBUG\MYGAME.ILK
D:\用户目录\我的文档\VISUAL STUDIO 2012\PROJECTS\MYGAME\DEBUG\MYGAME.EXE
D:\用户目录\我的文档\VISUAL STUDIO 2012\PROJECTS\MYGAME\DEBUG\MYGAME.PDB
D:\用户目录\我的文档\Visual Studio 2012\Projects\mygame\mygame\Debug\main.obj
D:\用户目录\我的文档\Visual Studio 2012\Projects\mygame\mygame\Debug\cl.command.1.tlog
D:\用户目录\我的文档\Visual Studio 2012\Projects\mygame\mygame\Debug\CL.read.1.tlog
D:\用户目录\我的文档\Visual Studio 2012\Projects\mygame\mygame\Debug\CL.write.1.tlog
D:\用户目录\我的文档\Visual Studio 2012\Projects\mygame\mygame\Debug\link-cvtres.read.1.tlog
D:\用户目录\我的文档\Visual Studio 2012\Projects\mygame\mygame\Debug\link-cvtres.write.1.tlog
D:\用户目录\我的文档\Visual Studio 2012\Projects\mygame\mygame\Debug\link-rc.read.1.tlog
D:\用户目录\我的文档\Visual Studio 2012\Projects\mygame\mygame\Debug\link-rc.write.1.tlog
D:\用户目录\我的文档\Visual Studio 2012\Projects\mygame\mygame\Debug\link.2308-cvtres.read.1.tlog
D:\用户目录\我的文档\Visual Studio 2012\Projects\mygame\mygame\Debug\link.2308-cvtres.write.1.tlog
D:\用户目录\我的文档\Visual Studio 2012\Projects\mygame\mygame\Debug\link.2308-rc.read.1.tlog
D:\用户目录\我的文档\Visual Studio 2012\Projects\mygame\mygame\Debug\link.2308-rc.write.1.tlog
D:\用户目录\我的文档\Visual Studio 2012\Projects\mygame\mygame\Debug\link.2308.read.1.tlog
D:\用户目录\我的文档\Visual Studio 2012\Projects\mygame\mygame\Debug\link.2308.write.1.tlog
D:\用户目录\我的文档\Visual Studio 2012\Projects\mygame\mygame\Debug\link.2928-cvtres.read.1.tlog
D:\用户目录\我的文档\Visual Studio 2012\Projects\mygame\mygame\Debug\link.2928-cvtres.write.1.tlog
D:\用户目录\我的文档\Visual Studio 2012\Projects\mygame\mygame\Debug\link.2928-rc.read.1.tlog
D:\用户目录\我的文档\Visual Studio 2012\Projects\mygame\mygame\Debug\link.2928-rc.write.1.tlog
D:\用户目录\我的文档\Visual Studio 2012\Projects\mygame\mygame\Debug\link.2928.read.1.tlog
D:\用户目录\我的文档\Visual Studio 2012\Projects\mygame\mygame\Debug\link.2928.write.1.tlog
D:\用户目录\我的文档\Visual Studio 2012\Projects\mygame\mygame\Debug\link.4776-cvtres.read.1.tlog
D:\用户目录\我的文档\Visual Studio 2012\Projects\mygame\mygame\Debug\link.4776-cvtres.write.1.tlog
D:\用户目录\我的文档\Visual Studio 2012\Projects\mygame\mygame\Debug\link.4776-rc.read.1.tlog
D:\用户目录\我的文档\Visual Studio 2012\Projects\mygame\mygame\Debug\link.4776-rc.write.1.tlog
D:\用户目录\我的文档\Visual Studio 2012\Projects\mygame\mygame\Debug\link.4776.read.1.tlog
D:\用户目录\我的文档\Visual Studio 2012\Projects\mygame\mygame\Debug\link.4776.write.1.tlog
D:\用户目录\我的文档\Visual Studio 2012\Projects\mygame\mygame\Debug\link.4968-cvtres.read.1.tlog
D:\用户目录\我的文档\Visual Studio 2012\Projects\mygame\mygame\Debug\link.4968-cvtres.write.1.tlog
D:\用户目录\我的文档\Visual Studio 2012\Projects\mygame\mygame\Debug\link.4968-rc.read.1.tlog
D:\用户目录\我的文档\Visual Studio 2012\Projects\mygame\mygame\Debug\link.4968-rc.write.1.tlog
D:\用户目录\我的文档\Visual Studio 2012\Projects\mygame\mygame\Debug\link.4968.read.1.tlog
D:\用户目录\我的文档\Visual Studio 2012\Projects\mygame\mygame\Debug\link.4968.write.1.tlog
D:\用户目录\我的文档\Visual Studio 2012\Projects\mygame\mygame\Debug\link.5572-cvtres.read.1.tlog
D:\用户目录\我的文档\Visual Studio 2012\Projects\mygame\mygame\Debug\link.5572-cvtres.write.1.tlog
D:\用户目录\我的文档\Visual Studio 2012\Projects\mygame\mygame\Debug\link.5572-rc.read.1.tlog
D:\用户目录\我的文档\Visual Studio 2012\Projects\mygame\mygame\Debug\link.5572-rc.write.1.tlog
D:\用户目录\我的文档\Visual Studio 2012\Projects\mygame\mygame\Debug\link.5572.read.1.tlog
D:\用户目录\我的文档\Visual Studio 2012\Projects\mygame\mygame\Debug\link.5572.write.1.tlog
D:\用户目录\我的文档\Visual Studio 2012\Projects\mygame\mygame\Debug\link.6468-cvtres.read.1.tlog
D:\用户目录\我的文档\Visual Studio 2012\Projects\mygame\mygame\Debug\link.6468-cvtres.write.1.tlog
D:\用户目录\我的文档\Visual Studio 2012\Projects\mygame\mygame\Debug\link.6468-rc.read.1.tlog
D:\用户目录\我的文档\Visual Studio 2012\Projects\mygame\mygame\Debug\link.6468-rc.write.1.tlog
D:\用户目录\我的文档\Visual Studio 2012\Projects\mygame\mygame\Debug\link.6468.read.1.tlog
D:\用户目录\我的文档\Visual Studio 2012\Projects\mygame\mygame\Debug\link.6468.write.1.tlog
D:\用户目录\我的文档\Visual Studio 2012\Projects\mygame\mygame\Debug\link.6780-cvtres.read.1.tlog
D:\用户目录\我的文档\Visual Studio 2012\Projects\mygame\mygame\Debug\link.6780-cvtres.write.1.tlog
D:\用户目录\我的文档\Visual Studio 2012\Projects\mygame\mygame\Debug\link.6780-rc.read.1.tlog
D:\用户目录\我的文档\Visual Studio 2012\Projects\mygame\mygame\Debug\link.6780-rc.write.1.tlog
D:\用户目录\我的文档\Visual Studio 2012\Projects\mygame\mygame\Debug\link.6780.read.1.tlog
D:\用户目录\我的文档\Visual Studio 2012\Projects\mygame\mygame\Debug\link.6780.write.1.tlog
D:\用户目录\我的文档\Visual Studio 2012\Projects\mygame\mygame\Debug\link.7112-cvtres.read.1.tlog
D:\用户目录\我的文档\Visual Studio 2012\Projects\mygame\mygame\Debug\link.7112-cvtres.write.1.tlog
D:\用户目录\我的文档\Visual Studio 2012\Projects\mygame\mygame\Debug\link.7112-rc.read.1.tlog
D:\用户目录\我的文档\Visual Studio 2012\Projects\mygame\mygame\Debug\link.7112-rc.write.1.tlog
D:\用户目录\我的文档\Visual Studio 2012\Projects\mygame\mygame\Debug\link.7112.read.1.tlog
D:\用户目录\我的文档\Visual Studio 2012\Projects\mygame\mygame\Debug\link.7112.write.1.tlog
D:\用户目录\我的文档\Visual Studio 2012\Projects\mygame\mygame\Debug\link.command.1.tlog
D:\用户目录\我的文档\Visual Studio 2012\Projects\mygame\mygame\Debug\link.read.1.tlog
D:\用户目录\我的文档\Visual Studio 2012\Projects\mygame\mygame\Debug\link.write.1.tlog
D:\用户目录\我的文档\Visual Studio 2012\Projects\mygame\mygame\Debug\vc110.idb
D:\用户目录\我的文档\Visual Studio 2012\Projects\mygame\mygame\Debug\vc110.pdb
D:\用户目录\我的文档\Visual Studio 2012\Projects\mygame\Debug\mygame.pdb
D:\用户目录\我的文档\Visual Studio 2012\Projects\mygame\Debug\mygame.exe
D:\用户目录\我的文档\Visual Studio 2012\Projects\mygame\Debug\mygame.ilk
